Determining if the pthread_create exist failed with the following output:
Change Dir: /home/dova/homework/build/CMakeFiles/CMakeTmp

Run Build Command:"/usr/bin/make" "cmTC_554fd/fast"
/usr/bin/make -f CMakeFiles/cmTC_554fd.dir/build.make CMakeFiles/cmTC_554fd.dir/build
make[1]: Entering directory '/home/dova/homework/build/CMakeFiles/CMakeTmp'
Building C object CMakeFiles/cmTC_554fd.dir/CheckSymbolExists.c.o
/usr/bin/cc    -o CMakeFiles/cmTC_554fd.dir/CheckSymbolExists.c.o   -c /home/dova/homework/build/CMakeFiles/CMakeTmp/CheckSymbolExists.c
Linking C executable cmTC_554fd
/usr/bin/cmake -E cmake_link_script CMakeFiles/cmTC_554fd.dir/link.txt --verbose=1
/usr/bin/cc      -rdynamic CMakeFiles/cmTC_554fd.dir/CheckSymbolExists.c.o  -o cmTC_554fd 
CMakeFiles/cmTC_554fd.dir/CheckSymbolExists.c.o: In function `main':
CheckSymbolExists.c:(.text+0x1b): undefined reference to `pthread_create'
collect2: error: ld returned 1 exit status
CMakeFiles/cmTC_554fd.dir/build.make:97: recipe for target 'cmTC_554fd' failed
make[1]: *** [cmTC_554fd] Error 1
make[1]: Leaving directory '/home/dova/homework/build/CMakeFiles/CMakeTmp'
Makefile:126: recipe for target 'cmTC_554fd/fast' failed
make: *** [cmTC_554fd/fast] Error 2

File /home/dova/homework/build/CMakeFiles/CMakeTmp/CheckSymbolExists.c:
/* */
#include <pthread.h>

int main(int argc, char** argv)
{
  (void)argv;
#ifndef pthread_create
  return ((int*)(&pthread_create))[argc];
#else
  (void)argc;
  return 0;
#endif
}

Determining if the function pthread_create exists in the pthreads failed with the following output:
Change Dir: /home/dova/homework/build/CMakeFiles/CMakeTmp

Run Build Command:"/usr/bin/make" "cmTC_23d03/fast"
/usr/bin/make -f CMakeFiles/cmTC_23d03.dir/build.make CMakeFiles/cmTC_23d03.dir/build
make[1]: Entering directory '/home/dova/homework/build/CMakeFiles/CMakeTmp'
Building C object CMakeFiles/cmTC_23d03.dir/CheckFunctionExists.c.o
/usr/bin/cc   -DCHECK_FUNCTION_EXISTS=pthread_create   -o CMakeFiles/cmTC_23d03.dir/CheckFunctionExists.c.o   -c /usr/share/cmake-3.10/Modules/CheckFunctionExists.c
Linking C executable cmTC_23d03
/usr/bin/cmake -E cmake_link_script CMakeFiles/cmTC_23d03.dir/link.txt --verbose=1
/usr/bin/cc  -DCHECK_FUNCTION_EXISTS=pthread_create    -rdynamic CMakeFiles/cmTC_23d03.dir/CheckFunctionExists.c.o  -o cmTC_23d03 -lpthreads 
/usr/bin/ld: cannot find -lpthreads
collect2: error: ld returned 1 exit status
CMakeFiles/cmTC_23d03.dir/build.make:97: recipe for target 'cmTC_23d03' failed
make[1]: *** [cmTC_23d03] Error 1
make[1]: Leaving directory '/home/dova/homework/build/CMakeFiles/CMakeTmp'
Makefile:126: recipe for target 'cmTC_23d03/fast' failed
make: *** [cmTC_23d03/fast] Error 2


